GROUP,PACKAGE,CLASS,INSTRUCTION_MISSED,INSTRUCTION_COVERED,BRANCH_MISSED,BRANCH_COVERED,LINE_MISSED,LINE_COVERED,COMPLEXITY_MISSED,COMPLEXITY_COVERED,METHOD_MISSED,METHOD_COVERED
Calendar,calendar,CalendarMain,420,0,24,0,89,0,14,0,2,0
Calendar,calendar,DateOutOfRangeException,7,0,0,0,4,0,2,0,2,0
Calendar,calendar,Appt,4,342,4,28,1,91,4,42,0,30
Calendar,calendar,CalDay,0,191,1,13,0,50,1,21,0,15
Calendar,calendar,CalendarUtil,7,72,1,5,2,7,2,5,1,3
Calendar,calendar,TimeTable,30,276,10,40,7,73,10,22,0,6
